<?xml version="1.0" encoding="UTF-8"?>
<testng-results ignored="0" total="1" passed="1" failed="0" skipped="0">
  <reporter-output>
  </reporter-output>
  <suite started-at="2022-10-18T17:47:30 GST" name="Default suite" finished-at="2022-10-18T17:47:56 GST" duration-ms="25830">
    <groups>
    </groups>
    <test started-at="2022-10-18T17:47:30 GST" name="Default test" finished-at="2022-10-18T17:47:56 GST" duration-ms="25830">
      <class name="test.BasicTest">
        <test-method is-config="true" signature="beforeTest()[pri:0, instance:test.BasicTest@149e0f5d]" started-at="2022-10-18T17:47:30 GST" name="beforeTest" finished-at="2022-10-18T17:47:35 GST" duration-ms="5621" status="PASS">
          <reporter-output>
          </reporter-output>
        </test-method> <!-- beforeTest -->
        <test-method signature="TestDownloadArticle()[pri:0, instance:test.BasicTest@149e0f5d]" started-at="2022-10-18T17:47:35 GST" name="TestDownloadArticle" finished-at="2022-10-18T17:47:55 GST" duration-ms="19472" status="PASS">
          <reporter-output>
          </reporter-output>
        </test-method> <!-- TestDownloadArticle -->
        <test-method is-config="true" signature="afterTest()[pri:0, instance:test.BasicTest@149e0f5d]" started-at="2022-10-18T17:47:55 GST" name="afterTest" finished-at="2022-10-18T17:47:56 GST" duration-ms="690" status="PASS">
          <reporter-output>
          </reporter-output>
        </test-method> <!-- afterTest -->
      </class> <!-- test.BasicTest -->
    </test> <!-- Default test -->
  </suite> <!-- Default suite -->
</testng-results>
